2018-08-03 20:31:56 INFO  ReportExtracting:14 - Fetching data for Country sheet
2018-08-03 20:33:30 INFO  ReportExtracting:19 - Fetching data for North sheet
2018-08-03 20:34:52 INFO  ReportExtracting:24 - Fetching data for South sheet
2018-08-03 20:36:09 INFO  ReportExtracting:29 - Fetching data for Ending MP_Structure sheet
2018-08-03 20:36:54 INFO  ReportExtracting:34 - Fetching data for RecruitmentStructure sheet
2018-08-03 20:37:00 INFO  ReportExtracting:39 - Fetching data for RecruitmentKPIStructure sheet
2018-08-03 20:37:41 INFO  ReportExtracting:44 - Fetching data for RookieMetric sheet
2018-08-03 20:42:59 INFO  ReportExtracting:49 - Fetching data for GA sheet
2018-08-03 20:43:23 INFO  ReportExtracting:54 - Fetching data for Rider sheet
2018-08-03 20:43:33 INFO  ReportExtracting:59 - Fetching data for ProductMix sheet
2018-08-03 20:54:38 INFO  ReportExtracting:14 - Fetching data for Country sheet
2018-08-03 20:55:56 INFO  ReportExtracting:19 - Fetching data for ProductMix sheet
2018-08-03 20:56:10 ERROR TiedAgencyPerformanceSegmentReport:751 - call report_product_mix_tiedagency("2017-01-01", "2018-12-31");
2018-08-03 21:02:18 INFO  ReportExtracting:14 - Fetching data for Country sheet
2018-08-03 21:03:35 INFO  ReportExtracting:19 - Fetching data for ProductMix sheet
2018-08-03 21:04:00 INFO  ReportExtracting:24 - Fetching data for North sheet
2018-08-03 21:05:16 INFO  ReportExtracting:29 - Fetching data for South sheet
2018-08-03 21:06:32 INFO  ReportExtracting:34 - Fetching data for Ending MP_Structure sheet
2018-08-03 21:07:17 INFO  ReportExtracting:39 - Fetching data for RecruitmentStructure sheet
2018-08-03 21:07:23 INFO  ReportExtracting:44 - Fetching data for RecruitmentKPIStructure sheet
2018-08-03 21:08:04 INFO  ReportExtracting:49 - Fetching data for RookieMetric sheet
2018-08-03 21:13:18 INFO  ReportExtracting:54 - Fetching data for GA sheet
2018-08-03 21:13:42 INFO  ReportExtracting:59 - Fetching data for Rider sheet
2018-08-03 21:13:52 INFO  ReportExtracting:66 - Fetching data for BD sheet
2018-08-04 18:00:24 INFO  ReportExtracting:23 - Fetching data for Country sheet
2018-08-04 18:02:04 INFO  ReportExtracting:28 - Fetching data for North sheet
2018-08-04 18:03:36 INFO  ReportExtracting:33 - Fetching data for South sheet
2018-08-04 18:05:11 INFO  ReportExtracting:38 - Fetching data for Ending MP_Structure sheet
2018-08-04 18:05:59 INFO  ReportExtracting:43 - Fetching data for RecruitmentStructure sheet
2018-08-04 18:06:05 INFO  ReportExtracting:48 - Fetching data for RecruitmentKPIStructure sheet
2018-08-04 18:06:49 INFO  ReportExtracting:53 - Fetching data for RookieMetric sheet
2018-08-04 18:12:29 INFO  ReportExtracting:58 - Fetching data for GA sheet
2018-08-04 18:12:53 INFO  ReportExtracting:63 - Fetching data for Rider sheet
2018-08-04 18:13:04 INFO  ReportExtracting:68 - Fetching data for ProductMix sheet
2018-08-04 18:13:30 INFO  ReportExtracting:73 - Fetching data for BD sheet
2018-08-04 18:13:53 INFO  ReportExtracting:78 - Fetching data for Agent_retention sheet
2018-08-04 21:42:31 INFO  ReportExtracting:20 - Updating data for Cover sheet
2018-08-04 21:42:31 INFO  ReportExtracting:25 - Fetching data for Country sheet
2018-08-04 21:43:58 INFO  ReportExtracting:30 - Fetching data for North sheet
2018-08-04 21:45:26 INFO  ReportExtracting:35 - Fetching data for South sheet
2018-08-04 21:53:01 INFO  ReportExtracting:20 - Fetching data for GA sheet
2018-08-04 21:55:55 INFO  ReportExtracting:20 - Fetching data for GA sheet
2018-08-12 20:22:35 INFO  ReportExtracting:20 - Updating data for Cover sheet
2018-08-12 20:22:43 INFO  ReportExtracting:25 - Fetching data for Country sheet
2018-08-13 10:36:29 INFO  ReportExtracting:20 - Updating data for Cover sheet
2018-08-13 10:36:40 INFO  ReportExtracting:25 - Fetching data for Country sheet
2018-08-13 10:40:33 INFO  ReportExtracting:30 - Fetching data for North sheet
2018-08-13 10:43:10 INFO  ReportExtracting:35 - Fetching data for South sheet
2018-08-13 10:51:15 INFO  ReportExtracting:20 - Updating data for Cover sheet
2018-08-13 10:51:21 INFO  ReportExtracting:25 - Fetching data for Country sheet
2018-08-13 10:55:00 INFO  ReportExtracting:30 - Fetching data for North sheet
2018-08-13 10:58:32 INFO  ReportExtracting:35 - Fetching data for South sheet
2018-08-13 11:06:21 INFO  ReportExtracting:20 - Updating data for Cover sheet
2018-08-13 11:06:27 INFO  ReportExtracting:25 - Fetching data for Country sheet
2018-08-13 11:09:58 INFO  ReportExtracting:30 - Fetching data for North sheet
2018-08-13 11:13:48 INFO  ReportExtracting:35 - Fetching data for South sheet
2018-08-13 14:26:48 INFO  ReportExtracting:20 - Updating data for Cover sheet
2018-08-13 14:26:54 INFO  ReportExtracting:25 - Fetching data for Country sheet
2018-08-13 14:31:31 INFO  ReportExtracting:30 - Fetching data for North sheet
2018-08-13 14:35:49 INFO  ReportExtracting:35 - Fetching data for South sheet
2018-08-13 21:41:33 INFO  ReportExtracting:20 - Updating data for Cover sheet
2018-08-13 21:41:42 INFO  ReportExtracting:25 - Fetching data for Country sheet
2018-08-13 22:01:02 INFO  ReportExtracting:20 - Updating data for Cover sheet
2018-08-13 22:01:09 INFO  ReportExtracting:25 - Fetching data for Country sheet
2018-08-13 22:09:46 INFO  ReportExtracting:30 - Fetching data for North sheet
2018-08-13 22:18:26 INFO  ReportExtracting:35 - Fetching data for South sheet
2018-08-14 21:03:09 INFO  ReportExtracting:20 - Updating data for Cover sheet
2018-08-14 21:03:19 INFO  ReportExtracting:25 - Fetching data for Country sheet
2018-08-14 21:19:12 INFO  ReportExtracting:30 - Fetching data for North sheet
2018-08-14 21:34:33 INFO  ReportExtracting:35 - Fetching data for South sheet
2018-08-15 09:53:55 INFO  ReportExtractingTiedAgencyPerformancetReport:20 - Updating data for Cover sheet
2018-08-15 09:57:06 INFO  ReportExtractingTiedAgencyPerformancetReport:20 - Updating data for Cover sheet
2018-08-15 10:03:32 INFO  ReportExtractingTiedAgencyPerformancetReport:20 - Updating data for Cover sheet
2018-08-15 10:03:43 INFO  ReportExtractingTiedAgencyPerformancetReport:25 - Fetching data for GA sheet
2018-08-15 10:06:44 INFO  ReportExtractingTiedAgencyPerformancetReport:20 - Updating data for Cover sheet
2018-08-15 10:06:53 INFO  ReportExtractingTiedAgencyPerformancetReport:25 - Fetching data for GA sheet
2018-08-15 10:13:09 INFO  ReportExtractingTiedAgencyPerformancetReport:20 - Updating data for Cover sheet
2018-08-15 10:13:20 INFO  ReportExtractingTiedAgencyPerformancetReport:25 - Fetching data for GA sheet
2018-08-15 11:32:59 INFO  ReportExtractingTiedAgencyPerformancetReport:21 - Updating data for Cover sheet
2018-08-15 11:33:29 INFO  ReportExtractingTiedAgencyPerformancetReport:26 - Fetching data for 6.0 GA Performance sheet
2018-08-15 11:34:12 INFO  ReportExtractingTiedAgencyPerformancetReport:31 - Fetching data for data_ape_mom sheet
2018-08-15 11:43:26 INFO  ReportExtractingTiedAgencyPerformancetReport:21 - Updating data for Cover sheet
2018-08-15 11:43:36 INFO  ReportExtractingTiedAgencyPerformancetReport:26 - Fetching data for 6.0 GA Performance sheet
2018-08-15 11:44:07 INFO  ReportExtractingTiedAgencyPerformancetReport:31 - Fetching data for data_ape_mom sheet
2018-08-15 11:44:18 INFO  ReportExtractingTiedAgencyPerformancetReport:36 - Fetching data for data_fyp_mom sheet
2018-08-15 14:45:20 INFO  ReportExtractingTiedAgencyPerformancetReport:21 - Updating data for Cover sheet
2018-08-15 14:45:31 INFO  ReportExtractingTiedAgencyPerformancetReport:26 - Fetching data for 6.0 GA Performance sheet
2018-08-15 14:46:05 INFO  ReportExtractingTiedAgencyPerformancetReport:31 - Fetching data for data_ape_mom sheet
2018-08-15 14:46:17 INFO  ReportExtractingTiedAgencyPerformancetReport:36 - Fetching data for data_fyp_mom sheet
2018-08-15 14:46:28 INFO  ReportExtractingTiedAgencyPerformancetReport:41 - Fetching data for data_case_mom sheet
2018-08-15 14:46:38 INFO  ReportExtractingTiedAgencyPerformancetReport:46 - Fetching data for data_newrecruit_mom sheet
2018-08-15 16:34:08 INFO  ReportExtractingTiedAgencyPerformancetReport:31 - Updating data for Cover sheet
2018-08-15 16:34:18 INFO  ReportExtractingTiedAgencyPerformancetReport:36 - Fetching data for 6.0 GA Performance sheet
2018-08-15 16:34:49 INFO  ReportExtractingTiedAgencyPerformancetReport:41 - Fetching data for data_ape_mom sheet
2018-08-15 16:35:01 INFO  ReportExtractingTiedAgencyPerformancetReport:46 - Fetching data for data_ape_yoy sheet
2018-08-15 16:35:24 INFO  ReportExtractingTiedAgencyPerformancetReport:51 - Fetching data for data_fyp_mom sheet
2018-08-15 16:35:35 INFO  ReportExtractingTiedAgencyPerformancetReport:56 - Fetching data for data_case_mom sheet
2018-08-15 16:35:45 INFO  ReportExtractingTiedAgencyPerformancetReport:61 - Fetching data for data_newrecruit_mom sheet
2018-08-15 16:35:51 INFO  ReportExtractingTiedAgencyPerformancetReport:66 - Fetching data for data_manpower_mom sheet
2018-08-15 16:46:57 INFO  ReportExtractingTiedAgencyPerformancetReport:31 - Updating data for Cover sheet
2018-08-15 16:47:08 INFO  ReportExtractingTiedAgencyPerformancetReport:36 - Fetching data for 6.0 GA Performance sheet
2018-08-15 16:47:41 INFO  ReportExtractingTiedAgencyPerformancetReport:41 - Fetching data for data_ape_mom sheet
2018-08-15 16:47:53 INFO  ReportExtractingTiedAgencyPerformancetReport:46 - Fetching data for data_ape_yoy sheet
2018-08-15 16:48:19 INFO  ReportExtractingTiedAgencyPerformancetReport:51 - Fetching data for data_fyp_mom sheet
2018-08-15 16:48:31 INFO  ReportExtractingTiedAgencyPerformancetReport:56 - Fetching data for data_case_mom sheet
2018-08-15 16:48:41 INFO  ReportExtractingTiedAgencyPerformancetReport:61 - Fetching data for data_newrecruit_mom sheet
2018-08-15 16:48:46 INFO  ReportExtractingTiedAgencyPerformancetReport:66 - Fetching data for data_manpower_mom sheet
2018-08-15 16:51:37 INFO  ReportExtractingTiedAgencyPerformancetReport:31 - Updating data for Cover sheet
2018-08-15 16:54:15 INFO  ReportExtractingTiedAgencyPerformancetReport:31 - Updating data for Cover sheet
2018-08-15 16:54:27 INFO  ReportExtractingTiedAgencyPerformancetReport:36 - Fetching data for 6.0 GA Performance sheet
2018-08-15 16:58:33 INFO  ReportExtractingTiedAgencyPerformancetReport:41 - Fetching data for data_ape_mom sheet
2018-08-15 16:58:45 INFO  ReportExtractingTiedAgencyPerformancetReport:46 - Fetching data for data_ape_yoy sheet
2018-08-15 16:59:07 INFO  ReportExtractingTiedAgencyPerformancetReport:51 - Fetching data for data_fyp_mom sheet
2018-08-15 16:59:19 INFO  ReportExtractingTiedAgencyPerformancetReport:56 - Fetching data for data_case_mom sheet
2018-08-15 16:59:28 INFO  ReportExtractingTiedAgencyPerformancetReport:61 - Fetching data for data_newrecruit_mom sheet
2018-08-15 16:59:34 INFO  ReportExtractingTiedAgencyPerformancetReport:66 - Fetching data for data_manpower_mom sheet
2018-08-15 17:04:34 INFO  ReportExtractingTiedAgencyPerformancetReport:31 - Updating data for Cover sheet
2018-08-15 17:04:45 INFO  ReportExtractingTiedAgencyPerformancetReport:36 - Fetching data for 6.0 GA Performance sheet
2018-08-15 17:05:18 INFO  ReportExtractingTiedAgencyPerformancetReport:41 - Fetching data for data_ape_mom sheet
2018-08-15 17:05:31 INFO  ReportExtractingTiedAgencyPerformancetReport:46 - Fetching data for data_ape_yoy sheet
2018-08-15 17:05:53 INFO  ReportExtractingTiedAgencyPerformancetReport:51 - Fetching data for data_fyp_mom sheet
2018-08-15 17:06:07 INFO  ReportExtractingTiedAgencyPerformancetReport:56 - Fetching data for data_case_mom sheet
2018-08-15 17:06:16 INFO  ReportExtractingTiedAgencyPerformancetReport:61 - Fetching data for data_newrecruit_mom sheet
2018-08-15 17:09:51 INFO  ReportExtractingTiedAgencyPerformancetReport:31 - Updating data for Cover sheet
2018-08-15 17:10:02 INFO  ReportExtractingTiedAgencyPerformancetReport:36 - Fetching data for 6.0 GA Performance sheet
2018-08-15 17:10:34 INFO  ReportExtractingTiedAgencyPerformancetReport:41 - Fetching data for data_ape_mom sheet
2018-08-15 17:10:46 INFO  ReportExtractingTiedAgencyPerformancetReport:46 - Fetching data for data_ape_yoy sheet
2018-08-15 17:11:07 INFO  ReportExtractingTiedAgencyPerformancetReport:51 - Fetching data for data_fyp_mom sheet
2018-08-15 17:11:18 INFO  ReportExtractingTiedAgencyPerformancetReport:56 - Fetching data for data_case_mom sheet
2018-08-15 17:11:28 INFO  ReportExtractingTiedAgencyPerformancetReport:61 - Fetching data for data_newrecruit_mom sheet
2018-08-15 17:11:35 INFO  ReportExtractingTiedAgencyPerformancetReport:66 - Fetching data for data_manpower_mom sheet
2018-08-15 17:17:05 INFO  ReportExtractingTiedAgencyPerformancetReport:31 - Updating data for Cover sheet
2018-08-15 17:17:18 INFO  ReportExtractingTiedAgencyPerformancetReport:36 - Fetching data for 6.0 GA Performance sheet
2018-08-15 17:17:50 INFO  ReportExtractingTiedAgencyPerformancetReport:41 - Fetching data for data_ape_mom sheet
2018-08-15 17:18:02 INFO  ReportExtractingTiedAgencyPerformancetReport:46 - Fetching data for data_ape_yoy sheet
2018-08-15 17:18:23 INFO  ReportExtractingTiedAgencyPerformancetReport:51 - Fetching data for data_fyp_mom sheet
2018-08-15 17:18:34 INFO  ReportExtractingTiedAgencyPerformancetReport:56 - Fetching data for data_case_mom sheet
2018-08-15 17:18:44 INFO  ReportExtractingTiedAgencyPerformancetReport:61 - Fetching data for data_newrecruit_mom sheet
2018-08-15 17:18:51 INFO  ReportExtractingTiedAgencyPerformancetReport:66 - Fetching data for data_manpower_mom sheet
2018-08-15 20:44:41 INFO  ReportExtractingTiedAgencyPerformancetReport:31 - Updating data for Cover sheet
2018-08-15 20:44:52 INFO  ReportExtractingTiedAgencyPerformancetReport:36 - Fetching data for 6.0 GA Performance sheet
2018-08-15 20:45:23 INFO  ReportExtractingTiedAgencyPerformancetReport:41 - Fetching data for data_ape_mom sheet
2018-08-15 20:45:36 INFO  ReportExtractingTiedAgencyPerformancetReport:46 - Fetching data for data_ape_yoy sheet
2018-08-15 20:46:00 INFO  ReportExtractingTiedAgencyPerformancetReport:51 - Fetching data for data_fyp_mom sheet
2018-08-15 20:46:11 INFO  ReportExtractingTiedAgencyPerformancetReport:56 - Fetching data for data_fyp_yoy sheet
2018-08-15 20:46:33 INFO  ReportExtractingTiedAgencyPerformancetReport:61 - Fetching data for data_case_mom sheet
2018-08-15 20:46:43 INFO  ReportExtractingTiedAgencyPerformancetReport:66 - Fetching data for data_case_yoy sheet
2018-08-15 20:46:58 INFO  ReportExtractingTiedAgencyPerformancetReport:71 - Fetching data for data_newrecruit_mom sheet
2018-08-15 20:47:03 INFO  ReportExtractingTiedAgencyPerformancetReport:76 - Fetching data for data_newrecruit_yoy sheet
2018-08-15 20:47:14 INFO  ReportExtractingTiedAgencyPerformancetReport:81 - Fetching data for data_manpower_mom sheet
2018-08-16 21:55:24 INFO  ReportExtractingTiedAgencyPerformancetReport:31 - Updating data for Cover sheet
2018-08-16 21:55:33 INFO  ReportExtractingTiedAgencyPerformancetReport:36 - Fetching data for 6.0 GA Performance sheet
2018-08-16 21:56:42 INFO  ReportExtractingTiedAgencyPerformancetReport:41 - Fetching data for data_ape_mom sheet
2018-08-16 21:56:56 INFO  ReportExtractingTiedAgencyPerformancetReport:46 - Fetching data for data_ape_yoy sheet
2018-08-16 21:57:15 INFO  ReportExtractingTiedAgencyPerformancetReport:51 - Fetching data for data_fyp_mom sheet
2018-08-16 21:57:27 INFO  ReportExtractingTiedAgencyPerformancetReport:56 - Fetching data for data_fyp_yoy sheet
2018-08-16 21:57:46 INFO  ReportExtractingTiedAgencyPerformancetReport:61 - Fetching data for data_case_mom sheet
2018-08-16 21:57:57 INFO  ReportExtractingTiedAgencyPerformancetReport:66 - Fetching data for data_case_yoy sheet
2018-08-16 21:58:10 INFO  ReportExtractingTiedAgencyPerformancetReport:71 - Fetching data for data_newrecruit_mom sheet
2018-08-16 21:58:15 INFO  ReportExtractingTiedAgencyPerformancetReport:76 - Fetching data for data_newrecruit_yoy sheet
2018-08-16 21:58:26 INFO  ReportExtractingTiedAgencyPerformancetReport:81 - Fetching data for data_manpower_mom sheet
2018-08-16 21:58:35 INFO  ReportExtractingTiedAgencyPerformancetReport:86 - Fetching data for data_group_active_ratio_mom sheet
2018-08-16 21:59:01 INFO  ReportExtractingTiedAgencyPerformancetReport:91 - Fetching data for data_active_ratio_sa_excl_mom sheet
2018-08-16 21:59:26 INFO  ReportExtractingTiedAgencyPerformancetReport:96 - Fetching data for data_group_casesize_mom sheet
2018-08-17 16:57:27 INFO  ReportExtractingTiedAgencyPerformancetReport:31 - Updating data for Cover sheet
2018-08-17 16:57:36 INFO  ReportExtractingTiedAgencyPerformancetReport:36 - Fetching data for 6.0 GA Performance sheet
2018-08-17 16:58:07 INFO  ReportExtractingTiedAgencyPerformancetReport:41 - Fetching data for data_ape_mom sheet
2018-08-17 16:58:18 INFO  ReportExtractingTiedAgencyPerformancetReport:46 - Fetching data for data_ape_yoy sheet
2018-08-17 16:58:42 INFO  ReportExtractingTiedAgencyPerformancetReport:51 - Fetching data for data_fyp_mom sheet
2018-08-17 16:58:55 INFO  ReportExtractingTiedAgencyPerformancetReport:56 - Fetching data for data_fyp_yoy sheet
2018-08-17 16:59:18 INFO  ReportExtractingTiedAgencyPerformancetReport:61 - Fetching data for data_case_mom sheet
2018-08-17 16:59:30 INFO  ReportExtractingTiedAgencyPerformancetReport:66 - Fetching data for data_case_yoy sheet
2018-08-17 16:59:42 INFO  ReportExtractingTiedAgencyPerformancetReport:71 - Fetching data for data_newrecruit_mom sheet
2018-08-17 16:59:47 INFO  ReportExtractingTiedAgencyPerformancetReport:76 - Fetching data for data_newrecruit_yoy sheet
2018-08-17 16:59:58 INFO  ReportExtractingTiedAgencyPerformancetReport:81 - Fetching data for data_manpower_mom sheet
2018-08-17 17:00:05 INFO  ReportExtractingTiedAgencyPerformancetReport:86 - Fetching data for data_group_active_ratio_mom sheet
2018-08-17 17:00:33 INFO  ReportExtractingTiedAgencyPerformancetReport:91 - Fetching data for data_active_ratio_sa_excl_mom sheet
2018-08-17 17:00:57 INFO  ReportExtractingTiedAgencyPerformancetReport:96 - Fetching data for data_group_casesize_mom sheet
2018-08-17 17:01:09 INFO  ReportExtractingTiedAgencyPerformancetReport:101 - Fetching data for data_caseperactive_mom sheet
2018-08-17 17:01:25 INFO  ReportExtractingTiedAgencyPerformancetReport:106 - Fetching data for data_apeperactive_mom sheet
2018-08-17 17:01:44 INFO  ReportExtractingTiedAgencyPerformancetReport:111 - Fetching data for data_active_agents_mom sheet
2018-08-20 15:25:38 INFO  ReportExtractingTiedAgencyPerformancetReport:31 - Updating data for Cover sheet
2018-08-20 15:25:48 INFO  ReportExtractingTiedAgencyPerformancetReport:36 - Fetching data for 6.0 GA Performance sheet
2018-08-20 15:26:19 INFO  ReportExtractingTiedAgencyPerformancetReport:41 - Fetching data for data_ape_mom sheet
2018-08-20 15:26:29 INFO  ReportExtractingTiedAgencyPerformancetReport:46 - Fetching data for data_ape_yoy sheet
2018-08-20 15:26:48 INFO  ReportExtractingTiedAgencyPerformancetReport:51 - Fetching data for data_fyp_mom sheet
2018-08-20 15:26:57 INFO  ReportExtractingTiedAgencyPerformancetReport:56 - Fetching data for data_fyp_yoy sheet
2018-08-20 15:27:15 INFO  ReportExtractingTiedAgencyPerformancetReport:61 - Fetching data for data_case_mom sheet
2018-08-20 15:27:24 INFO  ReportExtractingTiedAgencyPerformancetReport:66 - Fetching data for data_case_yoy sheet
2018-08-20 15:27:35 INFO  ReportExtractingTiedAgencyPerformancetReport:71 - Fetching data for data_newrecruit_mom sheet
2018-08-20 15:27:40 INFO  ReportExtractingTiedAgencyPerformancetReport:76 - Fetching data for data_newrecruit_yoy sheet
2018-08-20 15:27:51 INFO  ReportExtractingTiedAgencyPerformancetReport:81 - Fetching data for data_manpower_mom sheet
2018-08-20 15:27:58 INFO  ReportExtractingTiedAgencyPerformancetReport:86 - Fetching data for data_group_active_ratio_mom sheet
2018-08-20 15:28:23 INFO  ReportExtractingTiedAgencyPerformancetReport:91 - Fetching data for data_group_active_ratio_yoy sheet
2018-08-20 15:29:23 INFO  ReportExtractingTiedAgencyPerformancetReport:96 - Fetching data for data_active_ratio_sa_excl_mom sheet
2018-08-20 15:29:47 INFO  ReportExtractingTiedAgencyPerformancetReport:101 - Fetching data for data_active_ratio_sa_excl_yoy sheet
2018-08-20 15:30:38 INFO  ReportExtractingTiedAgencyPerformancetReport:106 - Fetching data for data_group_casesize_mom sheet
2018-08-20 15:30:50 INFO  ReportExtractingTiedAgencyPerformancetReport:111 - Fetching data for data_group_casesize_yoy sheet
2018-08-20 15:31:22 INFO  ReportExtractingTiedAgencyPerformancetReport:116 - Fetching data for data_caseperactive_mom sheet
2018-08-20 15:31:39 INFO  ReportExtractingTiedAgencyPerformancetReport:121 - Fetching data for data_caseperactive_yoy sheet
2018-08-20 15:32:08 INFO  ReportExtractingTiedAgencyPerformancetReport:126 - Fetching data for data_apeperactive_mom sheet
2018-08-20 15:32:26 INFO  ReportExtractingTiedAgencyPerformancetReport:131 - Fetching data for data_apeperactive_yoy sheet
2018-08-20 15:33:03 INFO  ReportExtractingTiedAgencyPerformancetReport:136 - Fetching data for data_active_agents_mom sheet
2018-08-20 15:33:14 INFO  ReportExtractingTiedAgencyPerformancetReport:141 - Fetching data for data_active_agents_yoy sheet
2018-08-20 16:59:46 INFO  ReportExtractingTiedAgencyPerformancetReport:31 - Updating data for Cover sheet
2018-08-20 16:59:54 INFO  ReportExtractingTiedAgencyPerformancetReport:36 - Fetching data for 6.0 GA Performance sheet
2018-08-20 17:00:25 INFO  ReportExtractingTiedAgencyPerformancetReport:41 - Fetching data for data_ape_mom sheet
2018-08-20 17:00:36 INFO  ReportExtractingTiedAgencyPerformancetReport:46 - Fetching data for data_ape_yoy sheet
2018-08-20 17:00:55 INFO  ReportExtractingTiedAgencyPerformancetReport:51 - Fetching data for data_fyp_mom sheet
2018-08-20 17:01:05 INFO  ReportExtractingTiedAgencyPerformancetReport:56 - Fetching data for data_fyp_yoy sheet
2018-08-20 17:01:25 INFO  ReportExtractingTiedAgencyPerformancetReport:61 - Fetching data for data_case_mom sheet
2018-08-20 17:01:36 INFO  ReportExtractingTiedAgencyPerformancetReport:66 - Fetching data for data_case_yoy sheet
2018-08-20 17:01:51 INFO  ReportExtractingTiedAgencyPerformancetReport:71 - Fetching data for data_newrecruit_mom sheet
2018-08-20 17:01:57 INFO  ReportExtractingTiedAgencyPerformancetReport:76 - Fetching data for data_newrecruit_yoy sheet
2018-08-20 17:02:13 INFO  ReportExtractingTiedAgencyPerformancetReport:81 - Fetching data for data_manpower_mom sheet
2018-08-20 17:02:23 INFO  ReportExtractingTiedAgencyPerformancetReport:86 - Fetching data for data_group_active_ratio_mom sheet
2018-08-20 17:02:51 INFO  ReportExtractingTiedAgencyPerformancetReport:91 - Fetching data for data_group_active_ratio_yoy sheet
2018-08-20 17:04:00 INFO  ReportExtractingTiedAgencyPerformancetReport:96 - Fetching data for data_active_ratio_sa_excl_mom sheet
2018-08-20 17:04:25 INFO  ReportExtractingTiedAgencyPerformancetReport:101 - Fetching data for data_active_ratio_sa_excl_yoy sheet
2018-08-20 17:05:16 INFO  ReportExtractingTiedAgencyPerformancetReport:106 - Fetching data for data_group_casesize_mom sheet
2018-08-20 17:05:28 INFO  ReportExtractingTiedAgencyPerformancetReport:111 - Fetching data for data_group_casesize_yoy sheet
2018-08-20 17:06:03 INFO  ReportExtractingTiedAgencyPerformancetReport:116 - Fetching data for data_caseperactive_mom sheet
2018-08-20 17:06:19 INFO  ReportExtractingTiedAgencyPerformancetReport:121 - Fetching data for data_caseperactive_yoy sheet
2018-08-20 17:06:49 INFO  ReportExtractingTiedAgencyPerformancetReport:126 - Fetching data for data_apeperactive_mom sheet
2018-08-20 17:07:08 INFO  ReportExtractingTiedAgencyPerformancetReport:131 - Fetching data for data_apeperactive_yoy sheet
2018-08-20 17:07:46 INFO  ReportExtractingTiedAgencyPerformancetReport:136 - Fetching data for data_active_agents_mom sheet
2018-08-20 17:07:58 INFO  ReportExtractingTiedAgencyPerformancetReport:141 - Fetching data for data_active_agents_yoy sheet
2018-08-20 17:08:19 INFO  ReportExtractingTiedAgencyPerformancetReport:146 - Fetching data for group_manpower_by_desc_monthly sheet
2018-08-20 17:08:48 INFO  ReportExtractingTiedAgencyPerformancetReport:151 - Fetching data for recruitment_monthly sheet
2018-08-20 17:08:56 INFO  ReportExtractingTiedAgencyPerformancetReport:156 - Fetching data for active_recruit_leader_monthly sheet
2018-08-20 17:25:59 INFO  ReportExtractingTiedAgencyPerformancetReport:31 - Updating data for Cover sheet
2018-08-20 17:26:07 INFO  ReportExtractingTiedAgencyPerformancetReport:36 - Fetching data for 6.0 GA Performance sheet
2018-08-20 17:30:50 INFO  ReportExtractingTiedAgencyPerformancetReport:31 - Updating data for Cover sheet
2018-08-20 17:30:57 INFO  ReportExtractingTiedAgencyPerformancetReport:36 - Fetching data for 6.0 GA Performance sheet
2018-08-20 17:33:03 INFO  ReportExtractingTiedAgencyPerformancetReport:31 - Updating data for Cover sheet
2018-08-20 17:33:11 INFO  ReportExtractingTiedAgencyPerformancetReport:36 - Fetching data for 6.0 GA Performance sheet
2018-08-20 17:33:43 INFO  ReportExtractingTiedAgencyPerformancetReport:41 - Fetching data for data_ape_mom sheet
2018-08-20 17:33:55 INFO  ReportExtractingTiedAgencyPerformancetReport:46 - Fetching data for data_ape_yoy sheet
2018-08-20 17:34:15 INFO  ReportExtractingTiedAgencyPerformancetReport:51 - Fetching data for data_fyp_mom sheet
2018-08-20 17:34:26 INFO  ReportExtractingTiedAgencyPerformancetReport:56 - Fetching data for data_fyp_yoy sheet
2018-08-20 17:34:44 INFO  ReportExtractingTiedAgencyPerformancetReport:61 - Fetching data for data_case_mom sheet
2018-08-20 17:34:53 INFO  ReportExtractingTiedAgencyPerformancetReport:66 - Fetching data for data_case_yoy sheet
2018-08-20 17:35:06 INFO  ReportExtractingTiedAgencyPerformancetReport:71 - Fetching data for data_newrecruit_mom sheet
2018-08-20 17:35:12 INFO  ReportExtractingTiedAgencyPerformancetReport:76 - Fetching data for data_newrecruit_yoy sheet
2018-08-20 17:35:22 INFO  ReportExtractingTiedAgencyPerformancetReport:81 - Fetching data for data_manpower_mom sheet
2018-08-20 17:35:29 INFO  ReportExtractingTiedAgencyPerformancetReport:86 - Fetching data for data_group_active_ratio_mom sheet
2018-08-20 17:35:55 INFO  ReportExtractingTiedAgencyPerformancetReport:91 - Fetching data for data_group_active_ratio_yoy sheet
2018-08-20 17:36:55 INFO  ReportExtractingTiedAgencyPerformancetReport:96 - Fetching data for data_active_ratio_sa_excl_mom sheet
2018-08-20 17:37:19 INFO  ReportExtractingTiedAgencyPerformancetReport:101 - Fetching data for data_active_ratio_sa_excl_yoy sheet
2018-08-20 17:38:08 INFO  ReportExtractingTiedAgencyPerformancetReport:106 - Fetching data for data_group_casesize_mom sheet
2018-08-20 17:38:21 INFO  ReportExtractingTiedAgencyPerformancetReport:111 - Fetching data for data_group_casesize_yoy sheet
2018-08-20 17:38:53 INFO  ReportExtractingTiedAgencyPerformancetReport:116 - Fetching data for data_caseperactive_mom sheet
2018-08-20 17:39:08 INFO  ReportExtractingTiedAgencyPerformancetReport:121 - Fetching data for data_caseperactive_yoy sheet
2018-08-20 17:39:38 INFO  ReportExtractingTiedAgencyPerformancetReport:126 - Fetching data for data_apeperactive_mom sheet
2018-08-20 17:39:55 INFO  ReportExtractingTiedAgencyPerformancetReport:131 - Fetching data for data_apeperactive_yoy sheet
2018-08-20 17:40:30 INFO  ReportExtractingTiedAgencyPerformancetReport:136 - Fetching data for data_active_agents_mom sheet
2018-08-20 17:40:42 INFO  ReportExtractingTiedAgencyPerformancetReport:141 - Fetching data for data_active_agents_yoy sheet
2018-08-20 17:41:03 INFO  ReportExtractingTiedAgencyPerformancetReport:146 - Fetching data for group_manpower_by_desc_monthly sheet
2018-08-20 17:41:30 INFO  ReportExtractingTiedAgencyPerformancetReport:151 - Fetching data for recruitment_monthly sheet
2018-08-20 17:41:37 INFO  ReportExtractingTiedAgencyPerformancetReport:156 - Fetching data for active_recruit_leader_monthly sheet
2018-08-20 17:42:00 INFO  ReportExtractingTiedAgencyPerformancetReport:161 - Fetching data for data_rookie90days sheet
2018-08-20 17:44:42 INFO  ReportExtractingTiedAgencyPerformancetReport:31 - Updating data for Cover sheet
2018-08-20 17:44:50 INFO  ReportExtractingTiedAgencyPerformancetReport:36 - Fetching data for 6.0 GA Performance sheet
2018-08-20 17:45:20 INFO  ReportExtractingTiedAgencyPerformancetReport:41 - Fetching data for data_ape_mom sheet
2018-08-20 17:45:31 INFO  ReportExtractingTiedAgencyPerformancetReport:46 - Fetching data for data_ape_yoy sheet
2018-08-20 17:45:50 INFO  ReportExtractingTiedAgencyPerformancetReport:51 - Fetching data for data_fyp_mom sheet
2018-08-20 17:46:01 INFO  ReportExtractingTiedAgencyPerformancetReport:56 - Fetching data for data_fyp_yoy sheet
2018-08-20 17:46:19 INFO  ReportExtractingTiedAgencyPerformancetReport:61 - Fetching data for data_case_mom sheet
2018-08-20 17:46:28 INFO  ReportExtractingTiedAgencyPerformancetReport:66 - Fetching data for data_case_yoy sheet
2018-08-20 17:46:39 INFO  ReportExtractingTiedAgencyPerformancetReport:71 - Fetching data for data_newrecruit_mom sheet
2018-08-20 17:46:44 INFO  ReportExtractingTiedAgencyPerformancetReport:76 - Fetching data for data_newrecruit_yoy sheet
2018-08-20 17:46:56 INFO  ReportExtractingTiedAgencyPerformancetReport:81 - Fetching data for data_manpower_mom sheet
2018-08-20 17:47:03 INFO  ReportExtractingTiedAgencyPerformancetReport:86 - Fetching data for data_group_active_ratio_mom sheet
2018-08-20 17:47:29 INFO  ReportExtractingTiedAgencyPerformancetReport:91 - Fetching data for data_group_active_ratio_yoy sheet
2018-08-20 17:48:44 INFO  ReportExtractingTiedAgencyPerformancetReport:96 - Fetching data for data_active_ratio_sa_excl_mom sheet
2018-08-20 17:49:11 INFO  ReportExtractingTiedAgencyPerformancetReport:101 - Fetching data for data_active_ratio_sa_excl_yoy sheet
2018-08-20 17:50:20 INFO  ReportExtractingTiedAgencyPerformancetReport:106 - Fetching data for data_group_casesize_mom sheet
2018-08-20 17:50:36 INFO  ReportExtractingTiedAgencyPerformancetReport:111 - Fetching data for data_group_casesize_yoy sheet
2018-08-20 17:51:09 INFO  ReportExtractingTiedAgencyPerformancetReport:116 - Fetching data for data_caseperactive_mom sheet
2018-08-20 17:51:30 INFO  ReportExtractingTiedAgencyPerformancetReport:121 - Fetching data for data_caseperactive_yoy sheet
2018-08-20 17:52:04 INFO  ReportExtractingTiedAgencyPerformancetReport:126 - Fetching data for data_apeperactive_mom sheet
2018-08-20 17:52:32 INFO  ReportExtractingTiedAgencyPerformancetReport:131 - Fetching data for data_apeperactive_yoy sheet
2018-08-20 17:53:15 INFO  ReportExtractingTiedAgencyPerformancetReport:136 - Fetching data for data_active_agents_mom sheet
2018-08-20 17:53:29 INFO  ReportExtractingTiedAgencyPerformancetReport:141 - Fetching data for data_active_agents_yoy sheet
2018-08-20 17:53:53 INFO  ReportExtractingTiedAgencyPerformancetReport:146 - Fetching data for group_manpower_by_desc_monthly sheet
2018-08-20 17:54:23 INFO  ReportExtractingTiedAgencyPerformancetReport:151 - Fetching data for recruitment_monthly sheet
2018-08-20 17:54:30 INFO  ReportExtractingTiedAgencyPerformancetReport:156 - Fetching data for active_recruit_leader_monthly sheet
2018-08-20 17:55:00 INFO  ReportExtractingTiedAgencyPerformancetReport:161 - Fetching data for data_rookie90days sheet
2018-08-21 14:59:49 INFO  ReportExtractingTiedAgencyPerformancetReport:31 - Updating data for Cover sheet
2018-08-21 14:59:58 INFO  ReportExtractingTiedAgencyPerformancetReport:36 - Fetching data for data_detail_in_segment_ape sheet
2018-08-21 15:05:43 INFO  ReportExtractingTiedAgencyPerformancetReport:31 - Updating data for Cover sheet
2018-08-21 15:05:52 INFO  ReportExtractingTiedAgencyPerformancetReport:36 - Fetching data for data_detail_in_segment_ape sheet
2018-08-21 15:17:02 INFO  ReportExtractingTiedAgencyPerformancetReport:31 - Updating data for Cover sheet
2018-08-21 15:17:12 INFO  ReportExtractingTiedAgencyPerformancetReport:36 - Fetching data for data_detail_in_segment_ape sheet
2018-08-21 15:17:51 INFO  ReportExtractingTiedAgencyPerformancetReport:41 - Fetching data for data_detail_in_segment_manpower sheet
2018-08-21 15:54:11 INFO  ReportExtractingTiedAgencyPerformancetReport:31 - Updating data for Cover sheet
2018-08-21 15:54:19 INFO  ReportExtractingTiedAgencyPerformancetReport:36 - Fetching data for data_detail_in_segment_ape sheet
2018-08-21 15:54:52 INFO  ReportExtractingTiedAgencyPerformancetReport:41 - Fetching data for data_detail_in_segment_manpower sheet
2018-08-21 15:55:24 INFO  ReportExtractingTiedAgencyPerformancetReport:46 - Fetching data for data_detail_in_segment_cscnt sheet
2018-08-21 15:55:58 INFO  ReportExtractingTiedAgencyPerformancetReport:51 - Fetching data for data_detail_in_segment_active sheet
2018-08-21 16:21:18 INFO  ReportExtractingTiedAgencyPerformancetReport:31 - Updating data for Cover sheet
2018-08-21 16:21:27 INFO  ReportExtractingTiedAgencyPerformancetReport:36 - Fetching data for data_detail_in_segment_ape sheet
2018-08-21 16:22:03 INFO  ReportExtractingTiedAgencyPerformancetReport:41 - Fetching data for data_detail_in_segment_manpower sheet
2018-08-21 16:22:34 INFO  ReportExtractingTiedAgencyPerformancetReport:46 - Fetching data for data_detail_in_segment_cscnt sheet
2018-08-21 16:23:09 INFO  ReportExtractingTiedAgencyPerformancetReport:51 - Fetching data for data_detail_in_segment_active sheet
2018-08-21 16:23:43 INFO  ReportExtractingTiedAgencyPerformancetReport:56 - Fetching data for data_detail_seg_chart_y0_ape sheet
2018-08-21 17:09:27 INFO  ReportExtractingTiedAgencyPerformancetReport:31 - Updating data for Cover sheet
2018-08-21 17:09:35 INFO  ReportExtractingTiedAgencyPerformancetReport:36 - Fetching data for data_detail_in_segment_ape sheet
2018-08-21 17:10:11 INFO  ReportExtractingTiedAgencyPerformancetReport:41 - Fetching data for data_detail_in_segment_manpower sheet
2018-08-21 17:10:41 INFO  ReportExtractingTiedAgencyPerformancetReport:46 - Fetching data for data_detail_in_segment_cscnt sheet
2018-08-21 17:11:14 INFO  ReportExtractingTiedAgencyPerformancetReport:51 - Fetching data for data_detail_in_segment_active sheet
2018-08-21 17:11:48 INFO  ReportExtractingTiedAgencyPerformancetReport:56 - Fetching data for data_detail_seg_chart_y0_ape sheet
2018-08-21 17:12:57 INFO  ReportExtractingTiedAgencyPerformancetReport:61 - Fetching data for data_detail_seg_chart_y0_mp sheet
2018-08-21 17:14:04 INFO  ReportExtractingTiedAgencyPerformancetReport:66 - Fetching data for data_detail_seg_chart_y0_case sheet
2018-08-21 17:15:10 INFO  ReportExtractingTiedAgencyPerformancetReport:71 - Fetching data for data_detail_seg_chart_y0_act sheet
2018-08-21 17:25:12 INFO  ReportExtractingTiedAgencyPerformancetReport:31 - Updating data for Cover sheet
2018-08-21 17:25:21 INFO  ReportExtractingTiedAgencyPerformancetReport:36 - Fetching data for data_detail_in_segment_ape sheet
2018-08-21 17:25:57 INFO  ReportExtractingTiedAgencyPerformancetReport:41 - Fetching data for data_detail_in_segment_manpower sheet
2018-08-21 17:26:32 INFO  ReportExtractingTiedAgencyPerformancetReport:46 - Fetching data for data_detail_in_segment_cscnt sheet
2018-08-21 17:27:10 INFO  ReportExtractingTiedAgencyPerformancetReport:51 - Fetching data for data_detail_in_segment_active sheet
2018-08-21 17:27:46 INFO  ReportExtractingTiedAgencyPerformancetReport:56 - Fetching data for data_detail_seg_chart_y0_ape sheet
2018-08-21 17:28:54 INFO  ReportExtractingTiedAgencyPerformancetReport:61 - Fetching data for data_detail_seg_chart_y0_mp sheet
2018-08-21 17:29:59 INFO  ReportExtractingTiedAgencyPerformancetReport:66 - Fetching data for data_detail_seg_chart_y0_case sheet
2018-08-21 17:31:01 INFO  ReportExtractingTiedAgencyPerformancetReport:71 - Fetching data for data_detail_seg_chart_y0_act sheet
2018-08-22 17:57:02 INFO  ReportExtractingTiedAgencyPerformancetReport:34 - Updating data for Cover sheet
2018-08-22 17:57:11 INFO  ReportExtractingTiedAgencyPerformancetReport:39 - Fetching data for data_detail_in_segment_ape sheet
2018-08-22 17:57:52 INFO  ReportExtractingTiedAgencyPerformancetReport:44 - Fetching data for data_detail_in_segment_manpower sheet
2018-08-22 17:58:27 INFO  ReportExtractingTiedAgencyPerformancetReport:49 - Fetching data for data_detail_in_segment_cscnt sheet
2018-08-22 17:58:56 INFO  ReportExtractingTiedAgencyPerformancetReport:54 - Fetching data for data_detail_in_segment_active sheet
2018-08-22 17:59:27 INFO  ReportExtractingTiedAgencyPerformancetReport:59 - Fetching data for data_detail_seg_chart_y0_ape sheet
2018-08-22 18:00:27 INFO  ReportExtractingTiedAgencyPerformancetReport:64 - Fetching data for data_detail_seg_chart_y0_mp sheet
2018-08-22 18:01:24 INFO  ReportExtractingTiedAgencyPerformancetReport:69 - Fetching data for data_detail_seg_chart_y0_case sheet
2018-08-22 18:02:23 INFO  ReportExtractingTiedAgencyPerformancetReport:74 - Fetching data for data_detail_seg_chart_y0_act sheet
2018-08-22 18:03:16 INFO  ReportExtractingTiedAgencyPerformancetReport:79 - Fetching data for group_manpower_monthly_total sheet
2018-08-22 18:03:35 INFO  ReportExtractingTiedAgencyPerformancetReport:84 - Fetching data for group_manpower_monthly_total_y1 sheet
2018-08-22 18:03:54 INFO  ReportExtractingTiedAgencyPerformancetReport:89 - Fetching data for newrecruit_monthly_y1 sheet
2018-08-22 18:04:04 INFO  ReportExtractingTiedAgencyPerformancetReport:94 - Fetching data for newrecruit_monthly sheet
2018-08-22 18:04:13 INFO  ReportExtractingTiedAgencyPerformancetReport:99 - Fetching data for data_ape_y0 sheet
2018-08-22 18:04:25 INFO  ReportExtractingTiedAgencyPerformancetReport:104 - Fetching data for data_ape_y1 sheet
2018-08-22 18:04:40 INFO  ReportExtractingTiedAgencyPerformancetReport:109 - Fetching data for group_active_ratio_monthly_y1 sheet
2018-08-22 18:05:23 INFO  ReportExtractingTiedAgencyPerformancetReport:114 - Fetching data for group_active_ratio_monthly sheet
2018-08-22 18:06:05 INFO  ReportExtractingTiedAgencyPerformancetReport:119 - Fetching data for group_casesize_monthly_12ms_y1 sheet
2018-08-22 18:06:33 INFO  ReportExtractingTiedAgencyPerformancetReport:124 - Fetching data for group_casesize_monthly sheet
2018-08-22 18:06:55 INFO  ReportExtractingTiedAgencyPerformancetReport:129 - Fetching data for case_per_active_monthly_12ms_y1 sheet
2018-08-22 18:07:15 INFO  ReportExtractingTiedAgencyPerformancetReport:134 - Fetching data for case_per_active_monthly sheet
2018-08-22 18:07:35 INFO  ReportExtractingTiedAgencyPerformancetReport:140 - Fetching data for case_per_active_monthly_12ms_y1 sheet
2018-08-22 18:08:02 INFO  ReportExtractingTiedAgencyPerformancetReport:145 - Fetching data for case_per_active_monthly sheet
2018-08-22 18:20:55 INFO  ReportExtractingTiedAgencyPerformancetReportMultiThreading:39 - Updating data for Cover sheet
2018-08-22 18:21:03 INFO  ReportExtractingTiedAgencyPerformancetReportMultiThreading:46 - Fetching data for data_detail_in_segment_ape sheet
2018-08-22 18:27:34 INFO  ReportExtractingTiedAgencyPerformancetReportMultiThreading:39 - Updating data for Cover sheet
2018-08-22 18:27:45 INFO  ReportExtractingTiedAgencyPerformancetReportMultiThreading:39 - Updating data for Cover sheet
2018-08-22 18:27:53 INFO  ReportExtractingTiedAgencyPerformancetReportMultiThreading:46 - Fetching data for data_detail_in_segment_ape sheet
2018-08-22 18:27:53 INFO  ReportExtractingTiedAgencyPerformancetReportMultiThreading:74 - Fetching data for data_detail_in_segment_manpower sheet
2018-08-22 18:34:47 INFO  ReportExtractingTiedAgencyPerformancetReport:35 - Updating data for Cover sheet
2018-08-22 18:34:56 INFO  ReportExtractingTiedAgencyPerformancetReport:41 - Fetching data for data_detail_in_segment_ape sheet
2018-08-22 18:35:31 INFO  ReportExtractingTiedAgencyPerformancetReport:47 - Fetching data for data_detail_in_segment_manpower sheet
2018-08-22 18:36:02 INFO  ReportExtractingTiedAgencyPerformancetReport:53 - Fetching data for data_detail_in_segment_cscnt sheet
2018-08-22 18:36:34 INFO  ReportExtractingTiedAgencyPerformancetReport:58 - Fetching data for data_detail_in_segment_active sheet
2018-08-22 18:37:09 INFO  ReportExtractingTiedAgencyPerformancetReport:63 - Fetching data for data_detail_seg_chart_y0_ape sheet
2018-08-22 18:38:14 INFO  ReportExtractingTiedAgencyPerformancetReport:68 - Fetching data for data_detail_seg_chart_y0_mp sheet
2018-08-22 18:39:08 INFO  ReportExtractingTiedAgencyPerformancetReport:73 - Fetching data for data_detail_seg_chart_y0_case sheet
2018-08-22 18:40:07 INFO  ReportExtractingTiedAgencyPerformancetReport:78 - Fetching data for data_detail_seg_chart_y0_act sheet
2018-08-22 18:41:00 INFO  ReportExtractingTiedAgencyPerformancetReport:83 - Fetching data for group_manpower_monthly_total sheet
2018-08-22 18:41:18 INFO  ReportExtractingTiedAgencyPerformancetReport:88 - Fetching data for group_manpower_monthly_total_y1 sheet
2018-08-22 18:41:36 INFO  ReportExtractingTiedAgencyPerformancetReport:93 - Fetching data for newrecruit_monthly_y1 sheet
2018-08-22 18:41:43 INFO  ReportExtractingTiedAgencyPerformancetReport:98 - Fetching data for newrecruit_monthly sheet
2018-08-22 18:41:50 INFO  ReportExtractingTiedAgencyPerformancetReport:103 - Fetching data for data_ape_y0 sheet
2018-08-22 18:42:03 INFO  ReportExtractingTiedAgencyPerformancetReport:108 - Fetching data for data_ape_y1 sheet
2018-08-22 18:42:18 INFO  ReportExtractingTiedAgencyPerformancetReport:113 - Fetching data for group_active_ratio_monthly_y1 sheet
2018-08-22 20:15:34 INFO  ReportExtractingTiedAgencyPerformancetReport:35 - Updating data for Cover sheet
2018-08-22 20:15:44 INFO  ReportExtractingTiedAgencyPerformancetReport:41 - Fetching data for data_detail_in_segment_ape sheet
2018-08-22 20:16:19 INFO  ReportExtractingTiedAgencyPerformancetReport:47 - Fetching data for data_detail_in_segment_manpower sheet
2018-08-22 20:16:49 INFO  ReportExtractingTiedAgencyPerformancetReport:53 - Fetching data for data_detail_in_segment_cscnt sheet
2018-08-22 20:17:21 INFO  ReportExtractingTiedAgencyPerformancetReport:59 - Fetching data for data_detail_in_segment_active sheet
2018-08-22 20:17:59 INFO  ReportExtractingTiedAgencyPerformancetReport:64 - Fetching data for data_detail_seg_chart_y0_ape sheet
2018-08-22 20:19:04 INFO  ReportExtractingTiedAgencyPerformancetReport:69 - Fetching data for data_detail_seg_chart_y0_mp sheet
2018-08-22 20:20:11 INFO  ReportExtractingTiedAgencyPerformancetReport:74 - Fetching data for data_detail_seg_chart_y0_case sheet
2018-08-22 20:21:12 INFO  ReportExtractingTiedAgencyPerformancetReport:79 - Fetching data for data_detail_seg_chart_y0_act sheet
2018-08-22 20:22:05 INFO  ReportExtractingTiedAgencyPerformancetReport:84 - Fetching data for group_manpower_monthly_total sheet
2018-08-22 20:22:25 INFO  ReportExtractingTiedAgencyPerformancetReport:89 - Fetching data for group_manpower_monthly_total_y1 sheet
2018-08-22 20:22:44 INFO  ReportExtractingTiedAgencyPerformancetReport:94 - Fetching data for newrecruit_monthly_y1 sheet
2018-08-22 20:22:51 INFO  ReportExtractingTiedAgencyPerformancetReport:99 - Fetching data for newrecruit_monthly sheet
2018-08-22 20:22:59 INFO  ReportExtractingTiedAgencyPerformancetReport:104 - Fetching data for data_ape_y0 sheet
2018-08-22 20:23:12 INFO  ReportExtractingTiedAgencyPerformancetReport:109 - Fetching data for data_ape_y1 sheet
2018-08-22 20:23:27 INFO  ReportExtractingTiedAgencyPerformancetReport:114 - Fetching data for group_active_ratio_monthly_y1 sheet
2018-08-22 20:24:11 INFO  ReportExtractingTiedAgencyPerformancetReport:119 - Fetching data for group_active_ratio_monthly sheet
2018-08-22 20:24:55 INFO  ReportExtractingTiedAgencyPerformancetReport:124 - Fetching data for group_casesize_monthly_12ms_y1 sheet
2018-08-22 20:25:21 INFO  ReportExtractingTiedAgencyPerformancetReport:129 - Fetching data for group_casesize_monthly sheet
2018-08-22 20:25:45 INFO  ReportExtractingTiedAgencyPerformancetReport:134 - Fetching data for case_per_active_monthly_12ms_y1 sheet
2018-08-22 20:26:06 INFO  ReportExtractingTiedAgencyPerformancetReport:139 - Fetching data for case_per_active_monthly sheet
2018-08-22 20:26:28 INFO  ReportExtractingTiedAgencyPerformancetReport:145 - Fetching data for case_per_active_monthly_12ms_y1 sheet
2018-08-22 20:26:56 INFO  ReportExtractingTiedAgencyPerformancetReport:150 - Fetching data for case_per_active_monthly sheet
2018-08-22 20:27:22 INFO  ReportExtractingTiedAgencyPerformancetReport:155 - Fetching data for 6.0 GA Performance sheet
2018-08-22 20:27:53 INFO  ReportExtractingTiedAgencyPerformancetReport:160 - Fetching data for data_ape_mom sheet
2018-08-22 20:28:04 INFO  ReportExtractingTiedAgencyPerformancetReport:165 - Fetching data for data_ape_yoy sheet
2018-08-22 20:28:22 INFO  ReportExtractingTiedAgencyPerformancetReport:170 - Fetching data for data_fyp_mom sheet
2018-08-22 20:28:32 INFO  ReportExtractingTiedAgencyPerformancetReport:175 - Fetching data for data_fyp_yoy sheet
2018-08-22 20:28:52 INFO  ReportExtractingTiedAgencyPerformancetReport:180 - Fetching data for data_case_mom sheet
2018-08-22 20:29:00 INFO  ReportExtractingTiedAgencyPerformancetReport:185 - Fetching data for data_case_yoy sheet
2018-08-22 20:29:13 INFO  ReportExtractingTiedAgencyPerformancetReport:190 - Fetching data for data_newrecruit_mom sheet
2018-08-22 20:29:18 INFO  ReportExtractingTiedAgencyPerformancetReport:195 - Fetching data for data_newrecruit_yoy sheet
2018-08-22 20:29:29 INFO  ReportExtractingTiedAgencyPerformancetReport:200 - Fetching data for data_manpower_mom sheet
2018-08-22 20:29:37 INFO  ReportExtractingTiedAgencyPerformancetReport:205 - Fetching data for data_group_active_ratio_mom sheet
2018-08-22 20:30:04 INFO  ReportExtractingTiedAgencyPerformancetReport:210 - Fetching data for data_group_active_ratio_yoy sheet
2018-08-22 20:31:05 INFO  ReportExtractingTiedAgencyPerformancetReport:215 - Fetching data for data_active_ratio_sa_excl_mom sheet
2018-08-22 20:31:31 INFO  ReportExtractingTiedAgencyPerformancetReport:220 - Fetching data for data_active_ratio_sa_excl_yoy sheet
2018-08-22 20:32:24 INFO  ReportExtractingTiedAgencyPerformancetReport:225 - Fetching data for data_group_casesize_mom sheet
2018-08-22 20:32:37 INFO  ReportExtractingTiedAgencyPerformancetReport:230 - Fetching data for data_group_casesize_yoy sheet
2018-08-22 20:33:10 INFO  ReportExtractingTiedAgencyPerformancetReport:235 - Fetching data for data_caseperactive_mom sheet
2018-08-22 20:33:27 INFO  ReportExtractingTiedAgencyPerformancetReport:240 - Fetching data for data_caseperactive_yoy sheet
2018-08-22 20:33:57 INFO  ReportExtractingTiedAgencyPerformancetReport:245 - Fetching data for data_apeperactive_mom sheet
2018-08-22 20:34:15 INFO  ReportExtractingTiedAgencyPerformancetReport:250 - Fetching data for data_apeperactive_yoy sheet
2018-08-22 20:34:52 INFO  ReportExtractingTiedAgencyPerformancetReport:255 - Fetching data for data_active_agents_mom sheet
2018-08-22 20:35:05 INFO  ReportExtractingTiedAgencyPerformancetReport:260 - Fetching data for data_active_agents_yoy sheet
2018-08-22 20:35:27 INFO  ReportExtractingTiedAgencyPerformancetReport:265 - Fetching data for group_manpower_by_desc_monthly sheet
2018-08-22 20:35:56 INFO  ReportExtractingTiedAgencyPerformancetReport:270 - Fetching data for recruitment_monthly sheet
2018-08-22 20:36:03 INFO  ReportExtractingTiedAgencyPerformancetReport:275 - Fetching data for active_recruit_leader_monthly sheet
2018-08-22 20:36:30 INFO  ReportExtractingTiedAgencyPerformancetReport:280 - Fetching data for data_rookie90days sheet
2018-08-22 20:37:14 INFO  ReportExtractingTiedAgencyPerformancetReport:285 - Fetching data for data_product_mix_ape sheet
2018-08-22 20:38:11 INFO  ReportExtractingTiedAgencyPerformancetReport:290 - Fetching data for data_product_rider_mix sheet
2018-08-22 20:38:51 INFO  ReportExtractingTiedAgencyPerformancetReport:295 - Fetching data for data_product_mix_total sheet
2018-08-22 20:39:44 INFO  ReportExtractingTiedAgencyPerformancetReport:300 - Fetching data for data_product_rider_mix_count sheet
2018-08-22 21:40:38 INFO  ReportExtractingTiedAgencyPerformancetReportMultiThreading:71 - Updating data for Cover sheet
2018-08-22 21:40:47 INFO  ReportExtractingTiedAgencyPerformancetReportMultiThreading:22 - Fetching data for sheet: data_detail_in_segment_ape
2018-08-22 21:40:47 INFO  ReportExtractingTiedAgencyPerformancetReportMultiThreading:22 - Fetching data for sheet: data_detail_in_segment_manpower
2018-08-22 21:40:47 INFO  ReportExtractingTiedAgencyPerformancetReportMultiThreading:22 - Fetching data for sheet: data_detail_in_segment_cscnt
2018-08-22 21:40:47 INFO  ReportExtractingTiedAgencyPerformancetReportMultiThreading:22 - Fetching data for sheet: data_detail_in_segment_active
2018-08-22 21:40:47 INFO  ReportExtractingTiedAgencyPerformancetReportMultiThreading:22 - Fetching data for sheet: group_manpower_monthly_total
2018-08-22 21:40:47 INFO  ReportExtractingTiedAgencyPerformancetReportMultiThreading:22 - Fetching data for sheet: data_detail_seg_chart_y0_case
2018-08-22 21:40:47 INFO  ReportExtractingTiedAgencyPerformancetReportMultiThreading:22 - Fetching data for sheet: case_per_active_monthly
2018-08-22 21:40:47 INFO  ReportExtractingTiedAgencyPerformancetReportMultiThreading:22 - Fetching data for sheet: group_casesize_monthly_12ms_y1
2018-08-22 21:40:47 INFO  ReportExtractingTiedAgencyPerformancetReportMultiThreading:22 - Fetching data for sheet: data_ape_y0
2018-08-22 21:40:47 INFO  ReportExtractingTiedAgencyPerformancetReportMultiThreading:22 - Fetching data for sheet: ape_per_active_monthly_12ms_y1
2018-08-22 21:40:47 INFO  ReportExtractingTiedAgencyPerformancetReportMultiThreading:22 - Fetching data for sheet: ape_per_active_monthly
2018-08-22 21:40:47 INFO  ReportExtractingTiedAgencyPerformancetReportMultiThreading:22 - Fetching data for sheet: data_detail_seg_chart_y0_act
2018-08-22 21:40:47 INFO  ReportExtractingTiedAgencyPerformancetReportMultiThreading:22 - Fetching data for sheet: data_detail_seg_chart_y0_ape
2018-08-22 21:40:47 INFO  ReportExtractingTiedAgencyPerformancetReportMultiThreading:22 - Fetching data for sheet: data_detail_seg_chart_y0_mp
2018-08-22 21:40:47 INFO  ReportExtractingTiedAgencyPerformancetReportMultiThreading:22 - Fetching data for sheet: group_manpower_monthly_total_y1
2018-08-22 21:40:47 INFO  ReportExtractingTiedAgencyPerformancetReportMultiThreading:22 - Fetching data for sheet: data_ape_y1
2018-08-22 21:40:47 INFO  ReportExtractingTiedAgencyPerformancetReportMultiThreading:22 - Fetching data for sheet: group_active_ratio_monthly_y1
2018-08-22 21:40:47 INFO  ReportExtractingTiedAgencyPerformancetReportMultiThreading:22 - Fetching data for sheet: newrecruit_monthly_y1
2018-08-22 21:40:47 INFO  ReportExtractingTiedAgencyPerformancetReportMultiThreading:22 - Fetching data for sheet: newrecruit_monthly
2018-08-22 21:40:47 INFO  ReportExtractingTiedAgencyPerformancetReportMultiThreading:22 - Fetching data for sheet: group_active_ratio_monthly
2018-08-22 21:40:47 INFO  ReportExtractingTiedAgencyPerformancetReportMultiThreading:22 - Fetching data for sheet: group_casesize_monthly
2018-08-22 21:40:47 INFO  ReportExtractingTiedAgencyPerformancetReportMultiThreading:22 - Fetching data for sheet: case_per_active_monthly_12ms_y1
2018-08-22 21:51:14 INFO  ReportExtractingTiedAgencyPerformancetReport:35 - Updating data for Cover sheet
2018-08-22 21:51:22 INFO  ReportExtractingTiedAgencyPerformancetReport:41 - Fetching data for data_detail_in_segment_ape sheet
2018-08-22 21:52:05 INFO  ReportExtractingTiedAgencyPerformancetReport:47 - Fetching data for data_detail_in_segment_manpower sheet
2018-08-22 21:52:37 INFO  ReportExtractingTiedAgencyPerformancetReport:53 - Fetching data for data_detail_in_segment_cscnt sheet
2018-08-22 21:53:09 INFO  ReportExtractingTiedAgencyPerformancetReport:59 - Fetching data for data_detail_in_segment_active sheet
2018-08-22 21:53:46 INFO  ReportExtractingTiedAgencyPerformancetReport:65 - Fetching data for data_detail_seg_chart_y0_ape sheet
2018-08-22 21:55:07 INFO  ReportExtractingTiedAgencyPerformancetReport:71 - Fetching data for data_detail_seg_chart_y0_mp sheet
2018-08-22 21:56:16 INFO  ReportExtractingTiedAgencyPerformancetReport:77 - Fetching data for data_detail_seg_chart_y0_case sheet
2018-08-22 21:57:17 INFO  ReportExtractingTiedAgencyPerformancetReport:82 - Fetching data for data_detail_seg_chart_y0_act sheet
2018-08-22 21:58:13 INFO  ReportExtractingTiedAgencyPerformancetReport:87 - Fetching data for group_manpower_monthly_total sheet
2018-08-22 21:58:32 INFO  ReportExtractingTiedAgencyPerformancetReport:92 - Fetching data for group_manpower_monthly_total_y1 sheet
2018-08-22 21:58:50 INFO  ReportExtractingTiedAgencyPerformancetReport:97 - Fetching data for newrecruit_monthly_y1 sheet
2018-08-22 21:58:57 INFO  ReportExtractingTiedAgencyPerformancetReport:102 - Fetching data for newrecruit_monthly sheet
2018-08-22 21:59:05 INFO  ReportExtractingTiedAgencyPerformancetReport:107 - Fetching data for data_ape_y0 sheet
2018-08-22 21:59:25 INFO  ReportExtractingTiedAgencyPerformancetReport:112 - Fetching data for data_ape_y1 sheet
2018-08-22 21:59:45 INFO  ReportExtractingTiedAgencyPerformancetReport:117 - Fetching data for group_active_ratio_monthly_y1 sheet
2018-08-22 22:00:32 INFO  ReportExtractingTiedAgencyPerformancetReport:122 - Fetching data for group_active_ratio_monthly sheet
2018-08-22 22:01:18 INFO  ReportExtractingTiedAgencyPerformancetReport:127 - Fetching data for group_casesize_monthly_12ms_y1 sheet
2018-08-22 22:01:45 INFO  ReportExtractingTiedAgencyPerformancetReport:132 - Fetching data for group_casesize_monthly sheet
2018-08-22 22:02:12 INFO  ReportExtractingTiedAgencyPerformancetReport:137 - Fetching data for case_per_active_monthly_12ms_y1 sheet
2018-08-22 22:02:35 INFO  ReportExtractingTiedAgencyPerformancetReport:142 - Fetching data for case_per_active_monthly sheet
2018-08-22 22:02:59 INFO  ReportExtractingTiedAgencyPerformancetReport:148 - Fetching data for case_per_active_monthly_12ms_y1 sheet
2018-08-22 22:03:30 INFO  ReportExtractingTiedAgencyPerformancetReport:153 - Fetching data for case_per_active_monthly sheet
2018-08-23 18:43:57 INFO  ReportExtractingTiedAgencyPerformancetReport:35 - Updating data for Cover sheet
2018-08-23 18:44:06 INFO  ReportExtractingTiedAgencyPerformancetReport:41 - Fetching data for data_detail_in_segment_ape sheet
2018-08-23 18:44:40 INFO  TiedAgencyPerformanceReport:2649 - Fetching data for sheet: activey1
2018-08-23 18:44:55 INFO  TiedAgencyPerformanceReport:2649 - Fetching data for sheet: activey0
2018-08-23 18:45:12 INFO  ReportExtractingTiedAgencyPerformancetReport:51 - Fetching data for data_detail_in_segment_manpower sheet
2018-08-23 18:45:43 INFO  ReportExtractingTiedAgencyPerformancetReport:57 - Fetching data for data_detail_in_segment_cscnt sheet
2018-08-23 18:46:15 INFO  ReportExtractingTiedAgencyPerformancetReport:63 - Fetching data for data_detail_in_segment_active sheet
2018-08-23 18:46:47 INFO  ReportExtractingTiedAgencyPerformancetReport:69 - Fetching data for data_detail_seg_chart_y0_ape sheet
2018-08-23 18:47:53 INFO  ReportExtractingTiedAgencyPerformancetReport:75 - Fetching data for data_detail_seg_chart_y0_mp sheet
2018-08-23 18:48:48 INFO  ReportExtractingTiedAgencyPerformancetReport:81 - Fetching data for data_detail_seg_chart_y0_case sheet
2018-08-23 18:49:44 INFO  ReportExtractingTiedAgencyPerformancetReport:86 - Fetching data for data_detail_seg_chart_y0_act sheet
2018-08-23 18:50:35 INFO  ReportExtractingTiedAgencyPerformancetReport:91 - Fetching data for group_manpower_monthly_total sheet
2018-08-23 18:50:53 INFO  ReportExtractingTiedAgencyPerformancetReport:96 - Fetching data for group_manpower_monthly_total_y1 sheet
2018-08-23 18:51:11 INFO  ReportExtractingTiedAgencyPerformancetReport:101 - Fetching data for newrecruit_monthly_y1 sheet
2018-08-23 18:51:21 INFO  ReportExtractingTiedAgencyPerformancetReport:106 - Fetching data for newrecruit_monthly sheet
2018-08-23 18:51:30 INFO  ReportExtractingTiedAgencyPerformancetReport:111 - Fetching data for data_ape_y0 sheet
2018-08-23 18:51:49 INFO  ReportExtractingTiedAgencyPerformancetReport:116 - Fetching data for data_ape_y1 sheet
2018-08-23 18:52:05 INFO  ReportExtractingTiedAgencyPerformancetReport:121 - Fetching data for group_active_ratio_monthly_y1 sheet
2018-08-23 18:52:48 INFO  ReportExtractingTiedAgencyPerformancetReport:126 - Fetching data for group_active_ratio_monthly sheet
2018-08-23 18:53:29 INFO  ReportExtractingTiedAgencyPerformancetReport:131 - Fetching data for group_casesize_monthly_12ms_y1 sheet
2018-08-23 18:53:55 INFO  ReportExtractingTiedAgencyPerformancetReport:136 - Fetching data for group_casesize_monthly sheet
2018-08-23 18:54:17 INFO  ReportExtractingTiedAgencyPerformancetReport:141 - Fetching data for case_per_active_monthly_12ms_y1 sheet
2018-08-23 18:54:37 INFO  ReportExtractingTiedAgencyPerformancetReport:146 - Fetching data for case_per_active_monthly sheet
2018-08-23 18:54:58 INFO  ReportExtractingTiedAgencyPerformancetReport:152 - Fetching data for case_per_active_monthly_12ms_y1 sheet
2018-08-23 18:55:25 INFO  ReportExtractingTiedAgencyPerformancetReport:157 - Fetching data for case_per_active_monthly sheet
2018-08-23 20:42:53 INFO  ReportExtractingTiedAgencyPerformancetReport:35 - Updating data for Cover sheet
2018-08-23 20:43:01 INFO  ReportExtractingTiedAgencyPerformancetReport:41 - Fetching data for data_detail_in_segment_ape sheet
2018-08-23 20:43:39 INFO  TiedAgencyPerformanceReport:2649 - Fetching data for sheet: activey1
2018-08-23 20:43:55 INFO  TiedAgencyPerformanceReport:2649 - Fetching data for sheet: activey0
2018-08-23 20:44:11 INFO  ReportExtractingTiedAgencyPerformancetReport:51 - Fetching data for data_detail_in_segment_manpower sheet
2018-08-23 20:44:43 INFO  ReportExtractingTiedAgencyPerformancetReport:57 - Fetching data for data_detail_in_segment_cscnt sheet
2018-08-23 20:45:16 INFO  ReportExtractingTiedAgencyPerformancetReport:63 - Fetching data for data_detail_in_segment_active sheet
2018-08-23 20:45:58 INFO  ReportExtractingTiedAgencyPerformancetReport:69 - Fetching data for data_detail_seg_chart_y0_ape sheet
2018-08-23 20:47:07 INFO  ReportExtractingTiedAgencyPerformancetReport:75 - Fetching data for data_detail_seg_chart_y0_mp sheet
2018-08-23 20:48:05 INFO  ReportExtractingTiedAgencyPerformancetReport:81 - Fetching data for data_detail_seg_chart_y0_case sheet
2018-08-23 20:49:00 INFO  ReportExtractingTiedAgencyPerformancetReport:86 - Fetching data for data_detail_seg_chart_y0_act sheet
2018-08-23 20:49:59 INFO  ReportExtractingTiedAgencyPerformancetReport:91 - Fetching data for group_manpower_monthly_total sheet
2018-08-23 20:50:18 INFO  ReportExtractingTiedAgencyPerformancetReport:96 - Fetching data for group_manpower_monthly_total_y1 sheet
2018-08-23 20:50:36 INFO  ReportExtractingTiedAgencyPerformancetReport:101 - Fetching data for newrecruit_monthly_y1 sheet
2018-08-23 20:50:44 INFO  ReportExtractingTiedAgencyPerformancetReport:106 - Fetching data for newrecruit_monthly sheet
2018-08-23 20:50:51 INFO  ReportExtractingTiedAgencyPerformancetReport:111 - Fetching data for data_ape_y0 sheet
2018-08-23 20:51:03 INFO  ReportExtractingTiedAgencyPerformancetReport:116 - Fetching data for data_ape_y1 sheet
2018-08-23 20:51:18 INFO  ReportExtractingTiedAgencyPerformancetReport:121 - Fetching data for group_active_ratio_monthly_y1 sheet
2018-08-23 20:52:00 INFO  ReportExtractingTiedAgencyPerformancetReport:126 - Fetching data for group_active_ratio_monthly sheet
2018-08-23 20:52:43 INFO  ReportExtractingTiedAgencyPerformancetReport:131 - Fetching data for group_casesize_monthly_12ms_y1 sheet
2018-08-23 20:53:09 INFO  ReportExtractingTiedAgencyPerformancetReport:136 - Fetching data for group_casesize_monthly sheet
2018-08-23 20:53:32 INFO  ReportExtractingTiedAgencyPerformancetReport:141 - Fetching data for case_per_active_monthly_12ms_y1 sheet
2018-08-23 20:53:53 INFO  ReportExtractingTiedAgencyPerformancetReport:146 - Fetching data for case_per_active_monthly sheet
2018-08-23 20:54:14 INFO  ReportExtractingTiedAgencyPerformancetReport:152 - Fetching data for case_per_active_monthly_12ms_y1 sheet
2018-08-23 20:54:39 INFO  ReportExtractingTiedAgencyPerformancetReport:157 - Fetching data for case_per_active_monthly sheet
2018-08-24 21:28:21 INFO  ReportExtractingTiedAgencyPerformancetReport:35 - Updating data for Cover sheet
2018-08-24 21:28:29 INFO  ReportExtractingTiedAgencyPerformancetReport:41 - Fetching data for data_detail_in_segment_ape sheet
2018-08-24 21:29:07 INFO  TiedAgencyPerformanceReport:2649 - Fetching data for sheet: activey1
2018-08-24 21:29:24 INFO  TiedAgencyPerformanceReport:2649 - Fetching data for sheet: activey0
2018-08-24 21:29:39 INFO  TiedAgencyPerformanceReport:2673 - Fetching data for sheet: data_ape_target_currentmonth
2018-08-24 21:29:42 INFO  TiedAgencyPerformanceReport:2697 - Fetching data for sheet: data_fyp_target_currentmonth
2018-08-24 21:29:45 INFO  TiedAgencyPerformanceReport:2721 - Fetching data for sheet: data_case_target_currentmonth
2018-08-24 21:29:49 INFO  TiedAgencyPerformanceReport:2745 - Fetching data for sheet: data_newag_target_currentmonth
2018-08-24 21:29:52 INFO  TiedAgencyPerformanceReport:2769 - Fetching data for sheet: data_mp_target_currentmonth
2018-08-24 21:29:55 INFO  TiedAgencyPerformanceReport:2886 - Fetching data for sheet: current_month_actratio_target
2018-08-24 21:29:59 INFO  TiedAgencyPerformanceReport:2886 - Fetching data for sheet: actratio_target_ytd
2018-08-24 21:30:03 INFO  TiedAgencyPerformanceReport:2793 - Fetching data for sheet: ape_target_ytd
2018-08-24 21:30:06 INFO  TiedAgencyPerformanceReport:2816 - Fetching data for sheet: fyp_target_ytd
2018-08-24 21:30:09 INFO  TiedAgencyPerformanceReport:2839 - Fetching data for sheet: case_target_ytd
2018-08-24 21:30:13 INFO  TiedAgencyPerformanceReport:2862 - Fetching data for sheet: newrecruit_target_ytd
2018-08-24 21:30:16 INFO  TiedAgencyPerformanceReport:2909 - Fetching data for sheet: current_month_casesize_target
2018-08-24 21:30:21 INFO  TiedAgencyPerformanceReport:2909 - Fetching data for sheet: casesize_target_ytd
2018-08-24 21:30:24 INFO  TiedAgencyPerformanceReport:2932 - Fetching data for sheet: crt_mth_caseperactive_target
2018-08-24 21:30:27 INFO  TiedAgencyPerformanceReport:2932 - Fetching data for sheet: caseperactive_target_ytd
2018-08-24 21:30:30 INFO  TiedAgencyPerformanceReport:2955 - Fetching data for sheet: crt_mth_apeperactive_target
2018-08-24 21:30:33 INFO  TiedAgencyPerformanceReport:2955 - Fetching data for sheet: apeperactive_target_ytd
2018-08-24 21:30:38 INFO  TiedAgencyPerformanceReport:2978 - Fetching data for sheet: data_active_agents_mom
2018-08-24 21:30:41 INFO  TiedAgencyPerformanceReport:3002 - Fetching data for sheet: active_target_ytd
2018-08-24 21:30:44 INFO  TiedAgencyPerformanceReport:3025 - Fetching data for sheet: data_ape_target
2018-08-24 21:30:47 INFO  TiedAgencyPerformanceReport:3048 - Fetching data for sheet: monthly_mp_target
2018-08-24 21:30:50 INFO  TiedAgencyPerformanceReport:3071 - Fetching data for sheet: newrecruit_target_monthly_ytd
2018-08-24 21:30:54 INFO  TiedAgencyPerformanceReport:3093 - Fetching data for sheet: ADList
2018-08-24 21:30:57 INFO  TiedAgencyPerformanceReport:3115 - Fetching data for sheet: Sales Chart
2018-08-24 21:31:00 INFO  TiedAgencyPerformanceReport:3137 - Fetching data for sheet: users
2018-08-24 21:31:03 INFO  ReportExtractingTiedAgencyPerformancetReport:76 - Fetching data for data_detail_in_segment_manpower sheet
2018-08-24 21:31:36 INFO  ReportExtractingTiedAgencyPerformancetReport:82 - Fetching data for data_detail_in_segment_cscnt sheet
2018-08-24 21:32:10 INFO  ReportExtractingTiedAgencyPerformancetReport:88 - Fetching data for data_detail_in_segment_active sheet
2018-08-24 21:32:43 INFO  ReportExtractingTiedAgencyPerformancetReport:94 - Fetching data for data_detail_seg_chart_y0_ape sheet
2018-08-24 21:33:44 INFO  ReportExtractingTiedAgencyPerformancetReport:100 - Fetching data for data_detail_seg_chart_y0_mp sheet
2018-08-24 21:34:49 INFO  ReportExtractingTiedAgencyPerformancetReport:106 - Fetching data for data_detail_seg_chart_y0_case sheet
2018-08-24 21:35:52 INFO  ReportExtractingTiedAgencyPerformancetReport:111 - Fetching data for data_detail_seg_chart_y0_act sheet
2018-08-24 21:36:46 INFO  ReportExtractingTiedAgencyPerformancetReport:116 - Fetching data for group_manpower_monthly_total sheet
2018-08-24 21:37:04 INFO  ReportExtractingTiedAgencyPerformancetReport:121 - Fetching data for group_manpower_monthly_total_y1 sheet
2018-08-24 21:37:23 INFO  ReportExtractingTiedAgencyPerformancetReport:126 - Fetching data for newrecruit_monthly_y1 sheet
2018-08-24 21:37:30 INFO  ReportExtractingTiedAgencyPerformancetReport:131 - Fetching data for newrecruit_monthly sheet
2018-08-24 21:37:38 INFO  ReportExtractingTiedAgencyPerformancetReport:136 - Fetching data for data_ape_y0 sheet
2018-08-24 21:37:51 INFO  ReportExtractingTiedAgencyPerformancetReport:141 - Fetching data for data_ape_y1 sheet
2018-08-24 21:38:05 INFO  ReportExtractingTiedAgencyPerformancetReport:146 - Fetching data for group_active_ratio_monthly_y1 sheet
2018-08-24 21:38:48 INFO  ReportExtractingTiedAgencyPerformancetReport:151 - Fetching data for group_active_ratio_monthly sheet
2018-08-24 21:39:31 INFO  ReportExtractingTiedAgencyPerformancetReport:156 - Fetching data for group_casesize_monthly_12ms_y1 sheet
2018-08-24 21:39:57 INFO  ReportExtractingTiedAgencyPerformancetReport:161 - Fetching data for group_casesize_monthly sheet
2018-08-24 21:40:20 INFO  ReportExtractingTiedAgencyPerformancetReport:166 - Fetching data for case_per_active_monthly_12ms_y1 sheet
2018-08-24 21:40:42 INFO  ReportExtractingTiedAgencyPerformancetReport:171 - Fetching data for case_per_active_monthly sheet
2018-08-24 21:41:02 INFO  ReportExtractingTiedAgencyPerformancetReport:177 - Fetching data for case_per_active_monthly_12ms_y1 sheet
2018-08-24 21:41:30 INFO  ReportExtractingTiedAgencyPerformancetReport:182 - Fetching data for case_per_active_monthly sheet
2018-08-24 21:41:54 INFO  ReportExtractingTiedAgencyPerformancetReport:187 - Fetching data for 6.0 GA Performance sheet
2018-08-24 21:42:25 INFO  ReportExtractingTiedAgencyPerformancetReport:192 - Fetching data for data_ape_mom sheet
2018-08-24 21:42:35 INFO  ReportExtractingTiedAgencyPerformancetReport:197 - Fetching data for data_ape_yoy sheet
2018-08-24 21:42:54 INFO  ReportExtractingTiedAgencyPerformancetReport:202 - Fetching data for data_fyp_mom sheet
2018-08-24 21:43:04 INFO  ReportExtractingTiedAgencyPerformancetReport:207 - Fetching data for data_fyp_yoy sheet
2018-08-24 21:43:23 INFO  ReportExtractingTiedAgencyPerformancetReport:212 - Fetching data for data_case_mom sheet
2018-08-24 21:43:31 INFO  ReportExtractingTiedAgencyPerformancetReport:217 - Fetching data for data_case_yoy sheet
2018-08-24 21:43:44 INFO  ReportExtractingTiedAgencyPerformancetReport:222 - Fetching data for data_newrecruit_mom sheet
2018-08-24 21:43:49 INFO  ReportExtractingTiedAgencyPerformancetReport:227 - Fetching data for data_newrecruit_yoy sheet
2018-08-24 21:44:00 INFO  ReportExtractingTiedAgencyPerformancetReport:232 - Fetching data for data_manpower_mom sheet
2018-08-24 21:44:07 INFO  ReportExtractingTiedAgencyPerformancetReport:237 - Fetching data for data_group_active_ratio_mom sheet
2018-08-24 21:44:35 INFO  ReportExtractingTiedAgencyPerformancetReport:242 - Fetching data for data_group_active_ratio_yoy sheet
2018-08-24 21:45:37 INFO  ReportExtractingTiedAgencyPerformancetReport:247 - Fetching data for data_active_ratio_sa_excl_mom sheet
2018-08-24 21:46:02 INFO  ReportExtractingTiedAgencyPerformancetReport:252 - Fetching data for data_active_ratio_sa_excl_yoy sheet
2018-08-24 21:46:54 INFO  ReportExtractingTiedAgencyPerformancetReport:257 - Fetching data for data_group_casesize_mom sheet
2018-08-24 21:47:08 INFO  ReportExtractingTiedAgencyPerformancetReport:262 - Fetching data for data_group_casesize_yoy sheet
2018-08-24 21:47:40 INFO  ReportExtractingTiedAgencyPerformancetReport:267 - Fetching data for data_caseperactive_mom sheet
2018-08-24 21:47:57 INFO  ReportExtractingTiedAgencyPerformancetReport:272 - Fetching data for data_caseperactive_yoy sheet
2018-08-24 21:48:29 INFO  ReportExtractingTiedAgencyPerformancetReport:277 - Fetching data for data_apeperactive_mom sheet
2018-08-24 21:48:47 INFO  ReportExtractingTiedAgencyPerformancetReport:282 - Fetching data for data_apeperactive_yoy sheet
2018-08-24 21:49:26 INFO  ReportExtractingTiedAgencyPerformancetReport:287 - Fetching data for data_active_agents_mom sheet
2018-08-24 21:49:38 INFO  ReportExtractingTiedAgencyPerformancetReport:292 - Fetching data for data_active_agents_yoy sheet
2018-08-24 21:50:00 INFO  ReportExtractingTiedAgencyPerformancetReport:297 - Fetching data for group_manpower_by_desc_monthly sheet
2018-08-24 21:50:28 INFO  ReportExtractingTiedAgencyPerformancetReport:302 - Fetching data for recruitment_monthly sheet
2018-08-24 21:50:36 INFO  ReportExtractingTiedAgencyPerformancetReport:307 - Fetching data for active_recruit_leader_monthly sheet
2018-08-24 22:12:46 INFO  ReportExtractingTiedAgencyPerformancetReport:35 - Updating data for Cover sheet
2018-08-24 22:12:56 INFO  ReportExtractingTiedAgencyPerformancetReport:41 - Fetching data for data_detail_in_segment_ape sheet
2018-08-24 22:13:35 INFO  TiedAgencyPerformanceReport:2649 - Fetching data for sheet: activey1
2018-08-24 22:13:50 INFO  TiedAgencyPerformanceReport:2649 - Fetching data for sheet: activey0
2018-08-24 22:14:06 INFO  TiedAgencyPerformanceReport:2673 - Fetching data for sheet: data_ape_target_currentmonth
2018-08-24 22:14:11 INFO  TiedAgencyPerformanceReport:2697 - Fetching data for sheet: data_fyp_target_currentmonth
2018-08-24 22:14:15 INFO  TiedAgencyPerformanceReport:2721 - Fetching data for sheet: data_case_target_currentmonth
2018-08-24 22:14:19 INFO  TiedAgencyPerformanceReport:2745 - Fetching data for sheet: data_newag_target_currentmonth
2018-08-24 22:14:22 INFO  TiedAgencyPerformanceReport:2769 - Fetching data for sheet: data_mp_target_currentmonth
2018-08-24 22:14:26 INFO  TiedAgencyPerformanceReport:2886 - Fetching data for sheet: current_month_actratio_target
2018-08-24 22:14:29 INFO  TiedAgencyPerformanceReport:2886 - Fetching data for sheet: actratio_target_ytd
2018-08-24 22:14:32 INFO  TiedAgencyPerformanceReport:2793 - Fetching data for sheet: ape_target_ytd
2018-08-24 22:14:36 INFO  TiedAgencyPerformanceReport:2816 - Fetching data for sheet: fyp_target_ytd
2018-08-24 22:14:40 INFO  TiedAgencyPerformanceReport:2839 - Fetching data for sheet: case_target_ytd
2018-08-24 22:14:43 INFO  TiedAgencyPerformanceReport:2862 - Fetching data for sheet: newrecruit_target_ytd
2018-08-24 22:14:46 INFO  TiedAgencyPerformanceReport:2909 - Fetching data for sheet: current_month_casesize_target
2018-08-24 22:14:49 INFO  TiedAgencyPerformanceReport:2909 - Fetching data for sheet: casesize_target_ytd
2018-08-24 22:14:52 INFO  TiedAgencyPerformanceReport:2932 - Fetching data for sheet: crt_mth_caseperactive_target
2018-08-24 22:14:56 INFO  TiedAgencyPerformanceReport:2932 - Fetching data for sheet: caseperactive_target_ytd
2018-08-24 22:14:59 INFO  TiedAgencyPerformanceReport:2955 - Fetching data for sheet: crt_mth_apeperactive_target
2018-08-24 22:15:04 INFO  TiedAgencyPerformanceReport:2955 - Fetching data for sheet: apeperactive_target_ytd
2018-08-24 22:15:07 INFO  TiedAgencyPerformanceReport:2978 - Fetching data for sheet: data_active_agents_mom
2018-08-24 22:15:10 INFO  TiedAgencyPerformanceReport:3002 - Fetching data for sheet: active_target_ytd
2018-08-24 22:15:13 INFO  TiedAgencyPerformanceReport:3025 - Fetching data for sheet: data_ape_target
2018-08-24 22:15:16 INFO  TiedAgencyPerformanceReport:3048 - Fetching data for sheet: monthly_mp_target
2018-08-24 22:15:20 INFO  TiedAgencyPerformanceReport:3071 - Fetching data for sheet: newrecruit_target_monthly_ytd
2018-08-24 22:15:23 INFO  TiedAgencyPerformanceReport:3093 - Fetching data for sheet: ADList
2018-08-24 22:15:26 INFO  TiedAgencyPerformanceReport:3115 - Fetching data for sheet: Sales Chart
2018-08-24 22:15:30 INFO  TiedAgencyPerformanceReport:3137 - Fetching data for sheet: users
2018-08-24 22:15:34 INFO  ReportExtractingTiedAgencyPerformancetReport:76 - Fetching data for data_detail_in_segment_manpower sheet
2018-08-24 22:16:09 INFO  ReportExtractingTiedAgencyPerformancetReport:82 - Fetching data for data_detail_in_segment_cscnt sheet
2018-08-24 22:16:37 INFO  ReportExtractingTiedAgencyPerformancetReport:88 - Fetching data for data_detail_in_segment_active sheet
2018-08-24 22:17:12 INFO  ReportExtractingTiedAgencyPerformancetReport:94 - Fetching data for data_detail_seg_chart_y0_ape sheet
2018-08-24 22:18:22 INFO  ReportExtractingTiedAgencyPerformancetReport:100 - Fetching data for data_detail_seg_chart_y0_mp sheet
2018-08-24 22:19:16 INFO  ReportExtractingTiedAgencyPerformancetReport:106 - Fetching data for data_detail_seg_chart_y0_case sheet
2018-08-24 22:20:13 INFO  ReportExtractingTiedAgencyPerformancetReport:111 - Fetching data for data_detail_seg_chart_y0_act sheet
2018-08-24 22:21:09 INFO  ReportExtractingTiedAgencyPerformancetReport:116 - Fetching data for group_manpower_monthly_total sheet
2018-08-24 22:21:26 INFO  ReportExtractingTiedAgencyPerformancetReport:121 - Fetching data for group_manpower_monthly_total_y1 sheet
2018-08-24 22:21:44 INFO  ReportExtractingTiedAgencyPerformancetReport:126 - Fetching data for newrecruit_monthly_y1 sheet
2018-08-24 22:21:51 INFO  ReportExtractingTiedAgencyPerformancetReport:131 - Fetching data for newrecruit_monthly sheet
2018-08-24 22:21:57 INFO  ReportExtractingTiedAgencyPerformancetReport:136 - Fetching data for data_ape_y0 sheet
2018-08-24 22:22:11 INFO  ReportExtractingTiedAgencyPerformancetReport:141 - Fetching data for data_ape_y1 sheet
2018-08-24 22:22:26 INFO  ReportExtractingTiedAgencyPerformancetReport:146 - Fetching data for group_active_ratio_monthly_y1 sheet
2018-08-24 22:23:08 INFO  ReportExtractingTiedAgencyPerformancetReport:151 - Fetching data for group_active_ratio_monthly sheet
2018-08-24 22:23:50 INFO  ReportExtractingTiedAgencyPerformancetReport:156 - Fetching data for group_casesize_monthly_12ms_y1 sheet
2018-08-24 22:24:16 INFO  ReportExtractingTiedAgencyPerformancetReport:161 - Fetching data for group_casesize_monthly sheet
2018-08-24 22:24:38 INFO  ReportExtractingTiedAgencyPerformancetReport:166 - Fetching data for case_per_active_monthly_12ms_y1 sheet
2018-08-24 22:25:00 INFO  ReportExtractingTiedAgencyPerformancetReport:171 - Fetching data for case_per_active_monthly sheet
2018-08-24 22:25:21 INFO  ReportExtractingTiedAgencyPerformancetReport:177 - Fetching data for case_per_active_monthly_12ms_y1 sheet
2018-08-24 22:25:48 INFO  ReportExtractingTiedAgencyPerformancetReport:182 - Fetching data for case_per_active_monthly sheet
2018-08-24 22:26:13 INFO  ReportExtractingTiedAgencyPerformancetReport:187 - Fetching data for 6.0 GA Performance sheet
2018-08-24 22:26:44 INFO  ReportExtractingTiedAgencyPerformancetReport:192 - Fetching data for data_ape_mom sheet
2018-08-24 22:26:54 INFO  ReportExtractingTiedAgencyPerformancetReport:197 - Fetching data for data_ape_yoy sheet
2018-08-24 22:27:14 INFO  ReportExtractingTiedAgencyPerformancetReport:202 - Fetching data for data_fyp_mom sheet
2018-08-24 22:27:24 INFO  ReportExtractingTiedAgencyPerformancetReport:207 - Fetching data for data_fyp_yoy sheet
2018-08-24 22:27:43 INFO  ReportExtractingTiedAgencyPerformancetReport:212 - Fetching data for data_case_mom sheet
2018-08-24 22:27:52 INFO  ReportExtractingTiedAgencyPerformancetReport:217 - Fetching data for data_case_yoy sheet
2018-08-24 22:28:05 INFO  ReportExtractingTiedAgencyPerformancetReport:222 - Fetching data for data_newrecruit_mom sheet
2018-08-24 22:28:10 INFO  ReportExtractingTiedAgencyPerformancetReport:227 - Fetching data for data_newrecruit_yoy sheet
2018-08-24 22:28:21 INFO  ReportExtractingTiedAgencyPerformancetReport:232 - Fetching data for data_manpower_mom sheet
2018-08-24 22:28:28 INFO  ReportExtractingTiedAgencyPerformancetReport:237 - Fetching data for data_group_active_ratio_mom sheet
2018-08-24 22:28:56 INFO  ReportExtractingTiedAgencyPerformancetReport:242 - Fetching data for data_group_active_ratio_yoy sheet
2018-08-24 22:29:57 INFO  ReportExtractingTiedAgencyPerformancetReport:247 - Fetching data for data_active_ratio_sa_excl_mom sheet
2018-08-24 22:30:21 INFO  ReportExtractingTiedAgencyPerformancetReport:252 - Fetching data for data_active_ratio_sa_excl_yoy sheet
2018-08-24 22:31:12 INFO  ReportExtractingTiedAgencyPerformancetReport:257 - Fetching data for data_group_casesize_mom sheet
2018-08-24 22:31:26 INFO  ReportExtractingTiedAgencyPerformancetReport:262 - Fetching data for data_group_casesize_yoy sheet
2018-08-24 22:31:58 INFO  ReportExtractingTiedAgencyPerformancetReport:267 - Fetching data for data_caseperactive_mom sheet
2018-08-24 22:32:16 INFO  ReportExtractingTiedAgencyPerformancetReport:272 - Fetching data for data_caseperactive_yoy sheet
2018-08-24 22:32:46 INFO  ReportExtractingTiedAgencyPerformancetReport:277 - Fetching data for data_apeperactive_mom sheet
2018-08-24 22:33:04 INFO  ReportExtractingTiedAgencyPerformancetReport:282 - Fetching data for data_apeperactive_yoy sheet
2018-08-24 22:33:40 INFO  ReportExtractingTiedAgencyPerformancetReport:287 - Fetching data for data_active_agents_mom sheet
2018-08-24 22:33:52 INFO  ReportExtractingTiedAgencyPerformancetReport:292 - Fetching data for data_active_agents_yoy sheet
2018-08-24 22:34:15 INFO  ReportExtractingTiedAgencyPerformancetReport:297 - Fetching data for group_manpower_by_desc_monthly sheet
2018-08-24 22:34:43 INFO  ReportExtractingTiedAgencyPerformancetReport:302 - Fetching data for recruitment_monthly sheet
2018-08-24 22:34:50 INFO  ReportExtractingTiedAgencyPerformancetReport:307 - Fetching data for active_recruit_leader_monthly sheet
2018-08-24 22:35:16 INFO  ReportExtractingTiedAgencyPerformancetReport:312 - Fetching data for data_rookie90days sheet
2018-08-24 22:35:59 INFO  ReportExtractingTiedAgencyPerformancetReport:317 - Fetching data for data_product_mix_ape sheet
2018-08-24 22:36:52 INFO  ReportExtractingTiedAgencyPerformancetReport:322 - Fetching data for data_product_rider_mix sheet
2018-08-24 22:37:31 INFO  ReportExtractingTiedAgencyPerformancetReport:327 - Fetching data for data_product_mix_total sheet
2018-08-24 22:38:24 INFO  ReportExtractingTiedAgencyPerformancetReport:332 - Fetching data for data_product_rider_mix_count sheet
2018-08-25 21:34:03 INFO  TiedAgencyPerformanceReport:3093 - Fetching data for sheet: ADList
2018-08-25 21:34:14 INFO  TiedAgencyPerformanceReport:3115 - Fetching data for sheet: Sales Chart
2018-08-25 21:34:22 INFO  TiedAgencyPerformanceReport:3137 - Fetching data for sheet: users
2018-08-30 17:03:39 INFO  ReportExtractingTiedAgencyPerformanceSegmentReport:31 - Updating data for Cover sheet
2018-08-30 17:03:48 INFO  ReportExtractingTiedAgencyPerformanceSegmentReport:31 - Updating data for Cover sheet
2018-08-30 17:03:55 INFO  ReportExtractingTiedAgencyPerformanceSegmentReport:36 - Fetching data for Country sheet
